<?xml version="1.0" encoding="UTF-8"?>
<!-- Generated by org.testng.reporters.JUnitReportReporter -->
<testsuite hostname="MONO-HYD-LAP15" failures="0" tests="1" name="com.superapp.tests.VerifyComparePlanMenuLauncherTest" time="54.525" errors="0" timestamp="2024-06-03T15:49:30 IST" skipped="0">
  <testcase classname="com.superapp.tests.VerifyComparePlanMenuLauncherTest" name="comparePlanMenuLauncherTest" time="54.525"/>
</testsuite> <!-- com.superapp.tests.VerifyComparePlanMenuLauncherTest -->
