<?xml version="1.0" encoding="UTF-8"?>
<!-- Generated by org.testng.reporters.JUnitReportReporter -->
<testsuite hostname="MONO-HYD-LAP15" failures="0" tests="1" name="com.superapp.tests.VerifyPolicyLoginMenuLauncherTest" time="55.843" errors="0" timestamp="2024-05-31T18:28:02 IST" skipped="0">
  <testcase classname="com.superapp.tests.VerifyPolicyLoginMenuLauncherTest" name="policyLoginMenuLauncherTest" time="55.843"/>
</testsuite> <!-- com.superapp.tests.VerifyPolicyLoginMenuLauncherTest -->
