<?xml version="1.0" encoding="UTF-8"?>
<!-- Generated by org.testng.reporters.JUnitReportReporter -->
<testsuite hostname="MONO-HYD-LAP15" failures="0" tests="1" name="com.superapp.tests.LoginTest" time="20.111" errors="0" timestamp="2024-06-03T15:04:48 IST" skipped="0">
  <testcase classname="com.superapp.tests.LoginTest" name="loginTest" time="20.111"/>
</testsuite> <!-- com.superapp.tests.LoginTest -->
