<?xml version="1.0" encoding="UTF-8"?>
<!-- Generated by org.testng.reporters.JUnitReportReporter -->
<testsuite hostname="MONO-HYD-LAP15" failures="0" tests="1" name="com.superapp.tests.ComparePlanCloseDrawerTest" time="61.557" errors="0" timestamp="2024-06-03T18:37:24 IST" skipped="0">
  <testcase classname="com.superapp.tests.ComparePlanCloseDrawerTest" name="closeDrawerValidationTest" time="61.557"/>
</testsuite> <!-- com.superapp.tests.ComparePlanCloseDrawerTest -->
