<?xml version="1.0" encoding="UTF-8"?>
<!-- Generated by org.testng.reporters.JUnitReportReporter -->
<testsuite hostname="MONO-HYD-LAP15" failures="0" tests="1" name="com.superapp.tests.AppRun" time="180.753" errors="0" timestamp="2024-06-03T18:37:24 IST" skipped="0">
  <testcase classname="com.superapp.tests.AppRun" name="runApp" time="180.753"/>
</testsuite> <!-- com.superapp.tests.AppRun -->
