<?xml version="1.0" encoding="UTF-8"?>
<!-- Generated by org.testng.reporters.JUnitReportReporter -->
<testsuite hostname="MONO-HYD-LAP15" failures="0" tests="1" name="com.superapp.tests.AppRun" time="58.446" errors="0" timestamp="2024-06-03T15:49:30 IST" skipped="0">
  <testcase classname="com.superapp.tests.AppRun" name="runApp" time="58.446"/>
</testsuite> <!-- com.superapp.tests.AppRun -->
